<ns0:test-suite xmlns:ns0="urn:model.allure.qatools.yandex.ru" start="1554124570830" stop="1554124573818">
  <name>test_suite</name>
  <labels/>
  <test-cases>
    <test-case start="1554124570830" status="passed" stop="1554124571089">
      <description>Test getOnlineUserVerificationStatus: BUAH-1629</description>
      <name>test_test1</name>
      <attachments/>
      <labels>
        <label name="story" value="ARR"/>
        <label name="feature" value="GSS"/>
        <label name="severity" value="normal"/>
        <label name="thread" value="13711-MainThread"/>
        <label name="host" value="Dmitrys-999.local"/>
        <label name="framework" value="pytest"/>
        <label name="language" value="cpython3"/>
      </labels>
      <steps/>
    </test-case>
    <test-case start="1554124571091" status="passed" stop="1554124571284">
      <description>Test getOwnerIdByOwnerIDN: BUAH-1630</description>
      <name>test_test2</name>
      <attachments/>
      <labels>
        <label name="story" value="ARR"/>
        <label name="feature" value="GSS"/>
        <label name="severity" value="normal"/>
        <label name="thread" value="13711-MainThread"/>
        <label name="host" value="Dmitrys-999.local"/>
        <label name="framework" value="pytest"/>
        <label name="language" value="cpython3"/>
      </labels>
      <steps/>
    </test-case>
    <test-case start="1554124571285" status="passed" stop="1554124571505">
      <description>Test GetBuyAndSellDetails: BUAH-3293</description>
      <name>test_test3s</name>
      <attachments/>
      <labels>
        <label name="story" value="ARR"/>
        <label name="feature" value="GSS"/>
        <label name="severity" value="normal"/>
        <label name="thread" value="13711-MainThread"/>
        <label name="host" value="Dmitrys-999.local"/>
        <label name="framework" value="pytest"/>
        <label name="language" value="cpython3"/>
      </labels>
      <steps/>
    </test-case>
    <test-case start="1554124571508" status="passed" stop="1554124571674">
      <description>Test getOwnerIdByOwnerIDN: BUAH-1630</description>
      <name>test_to_chk_get_owner_id_by_owner_idn</name>
      <attachments/>
      <labels>
        <label name="story" value="ARR"/>
        <label name="feature" value="GSS"/>
        <label name="severity" value="normal"/>
        <label name="thread" value="13711-MainThread"/>
        <label name="host" value="Dmitrys-999.local"/>
        <label name="framework" value="pytest"/>
        <label name="language" value="cpython3"/>
      </labels>
      <steps/>
    </test-case>
    <test-case start="1554124571675" status="passed" stop="1554124571902">
      <description>Test GetBuyAndSellDetails: BUAH-3293</description>
      <name>test_get_buy_and_sell_details</name>
      <attachments/>
      <labels>
        <label name="story" value="ARR"/>
        <label name="feature" value="GSS"/>
        <label name="severity" value="normal"/>
        <label name="thread" value="13711-MainThread"/>
        <label name="host" value="Dmitrys-999.local"/>
        <label name="framework" value="pytest"/>
        <label name="language" value="cpython3"/>
      </labels>
      <steps/>
    </test-case>
    <test-case start="1554124571904" status="passed" stop="1554124572085">
      <description>Test GetLookupItems: BUAH-2261</description>
      <name>test_get_lookup_items</name>
      <attachments/>
      <labels>
        <label name="story" value="ARR"/>
        <label name="feature" value="GSS"/>
        <label name="severity" value="normal"/>
        <label name="thread" value="13711-MainThread"/>
        <label name="host" value="Dmitrys-999.local"/>
        <label name="framework" value="pytest"/>
        <label name="language" value="cpython3"/>
      </labels>
      <steps/>
    </test-case>
    <test-case start="1554124572087" status="failed" stop="1554124573234">
      <description>Test InitiateService, CommitService, GetServiceDetails, getOwnerIdByOwnerIDN: BUAH-1822</description>
      <name>test_verification_process</name>
      <failure>
        <message>AssertionError: The response code isn't equal the expected code
assert 500 == 200
 +  where 200 = Status.SUCCESS</message>
        <stack-trace>self = &lt;test_health_check.test_arr_health_check.TestAdmBuah object at 0x106341cf8&gt;
api_helper = &lt;utils.api_helper.ApiHelper object at 0x10632dd68&gt;

    @pytest.mark.health_check
    def test_verification_process(self, api_helper):
        """Test InitiateService, CommitService, GetServiceDetails, getOwnerIdByOwnerIDN: BUAH-1822"""
    
        logging.info('Send request to InitiateService')
        national_id = random.randint(14 ** 15, 14 ** 16 - 1)
        headers = api_helper.config_parser().build_headers("microservices_header")
        resp_code, resp_body, resp_time, resp_header = api_helper.post_response("InitiateService", "IntegratedServices",
                                                                                "getInitiateService",
                                                                                headers=headers, args=national_id)
        assert resp_code == Status.SUCCESS, "The response code isn't equal the expected code"
        application_id = JsonParser.get_value_from_dict(resp_body, ['data', 'applicationId'])
    
        logging.info('Send request to InitiateService - BuyAndSellUnitService')
        headers = api_helper.config_parser().build_headers("microservices_header")
        resp_code, resp_body, resp_time, resp_header = api_helper.post_response("InitiateService", "IntegratedServices",
                                                                                "getInitiateServiceBuyAndSellUnitService",
                                                                                headers=headers)
        assert resp_code == Status.SUCCESS, "The response code isn't equal the expected code"
        application_id_buy_and_sell = JsonParser.get_value_from_dict(resp_body, ['data', 'applicationId'])
    
        logging.info('Send request to CommitService')
        headers = api_helper.config_parser().build_headers("microservices_header")
        resp_code, resp_body, resp_time, resp_header = api_helper.post_response("CommitService", "IntegratedServices",
                                                                                "getCommitService",
                                                                                headers=headers,
                                                                                args=application_id)
&gt;       assert resp_code == Status.SUCCESS, "The response code isn't equal the expected code"
E       AssertionError: The response code isn't equal the expected code
E       assert 500 == 200
E        +  where 200 = Status.SUCCESS

test_arr_health_check.py:125: AssertionError</stack-trace>
      </failure>
      <attachments/>
      <labels>
        <label name="story" value="ARR"/>
        <label name="feature" value="GSS"/>
        <label name="severity" value="normal"/>
        <label name="thread" value="13711-MainThread"/>
        <label name="host" value="Dmitrys-999.local"/>
        <label name="framework" value="pytest"/>
        <label name="language" value="cpython3"/>
      </labels>
      <steps/>
    </test-case>
    <test-case start="1554124573237" status="passed" stop="1554124573422">
      <description>Test getPropertyProfile: BUAH-2262</description>
      <name>test_get_property_profile</name>
      <attachments/>
      <labels>
        <label name="story" value="ARR"/>
        <label name="feature" value="GSS"/>
        <label name="severity" value="normal"/>
        <label name="thread" value="13711-MainThread"/>
        <label name="host" value="Dmitrys-999.local"/>
        <label name="framework" value="pytest"/>
        <label name="language" value="cpython3"/>
      </labels>
      <steps/>
    </test-case>
    <test-case start="1554124573424" status="passed" stop="1554124573602">
      <description>Test GetUnitOwnershipDeed: BUAH-2259</description>
      <name>test_ownership_deed</name>
      <attachments/>
      <labels>
        <label name="story" value="ARR"/>
        <label name="feature" value="GSS"/>
        <label name="severity" value="normal"/>
        <label name="thread" value="13711-MainThread"/>
        <label name="host" value="Dmitrys-999.local"/>
        <label name="framework" value="pytest"/>
        <label name="language" value="cpython3"/>
      </labels>
      <steps/>
    </test-case>
    <test-case start="1554124573603" status="failed" stop="1554124573684">
      <description>Test getPropertyPlotUnit: BUAH-3292</description>
      <name>test_property_plot_unit</name>
      <failure>
        <message>AssertionError: The response code isn't equal the expected code
assert 404 == 200
 +  where 200 = Status.SUCCESS</message>
        <stack-trace>self = &lt;test_health_check.test_arr_health_check.TestAdmBuah object at 0x106300080&gt;
api_helper = &lt;utils.api_helper.ApiHelper object at 0x10632dd68&gt;

    @pytest.mark.health_check
    def test_property_plot_unit(self, api_helper):
        """Test getPropertyPlotUnit: BUAH-3292"""
    
        headers = api_helper.config_parser().build_headers("microservices_header")
        resp_code, resp_body, resp_time, resp_header = api_helper.post_response("GetPropertyPlotUnit",
                                                                                "PropertyPlotUnits",
                                                                                "getPropertyPlotUnit", headers=headers)
&gt;       assert resp_code == Status.SUCCESS, "The response code isn't equal the expected code"
E       AssertionError: The response code isn't equal the expected code
E       assert 404 == 200
E        +  where 200 = Status.SUCCESS

test_arr_health_check.py:198: AssertionError</stack-trace>
      </failure>
      <attachments/>
      <labels>
        <label name="story" value="ARR"/>
        <label name="feature" value="GSS"/>
        <label name="severity" value="normal"/>
        <label name="thread" value="13711-MainThread"/>
        <label name="host" value="Dmitrys-999.local"/>
        <label name="framework" value="pytest"/>
        <label name="language" value="cpython3"/>
      </labels>
      <steps/>
    </test-case>
    <test-case start="1554124573687" status="failed" stop="1554124573818">
      <description>Test UploadDocument: BUAH-TEST</description>
      <name>test_upload_document</name>
      <failure>
        <message>AssertionError: The response code isn't equal the expected code
assert 500 == 200
 +  where 200 = Status.SUCCESS</message>
        <stack-trace>self = &lt;test_health_check.test_arr_health_check.TestAdmBuah object at 0x10631a630&gt;
api_helper = &lt;utils.api_helper.ApiHelper object at 0x10632dd68&gt;

    @pytest.mark.health_check
    def test_upload_document(self, api_helper):
        """Test UploadDocument: BUAH-TEST"""
    
        headers = api_helper.config_parser().build_headers("microservices_header")
        resp_code, resp_body, resp_time, resp_header = api_helper.post_response("UploadDocument",
                                                                                "IntegratedServices",
                                                                                "uploadDocument", headers=headers)
&gt;       assert resp_code == Status.SUCCESS, "The response code isn't equal the expected code"
E       AssertionError: The response code isn't equal the expected code
E       assert 500 == 200
E        +  where 200 = Status.SUCCESS

test_arr_health_check.py:208: AssertionError</stack-trace>
      </failure>
      <attachments/>
      <labels>
        <label name="story" value="ARR"/>
        <label name="feature" value="GSS"/>
        <label name="severity" value="normal"/>
        <label name="thread" value="13711-MainThread"/>
        <label name="host" value="Dmitrys-999.local"/>
        <label name="framework" value="pytest"/>
        <label name="language" value="cpython3"/>
      </labels>
      <steps/>
    </test-case>
  </test-cases>
</ns0:test-suite>
